# JRE version: Java(TM) SE Runtime Environment (7.0_51-b13) (build 1.7.0_51-b13)
# Java VM: Java HotSpot(TM) Server VM (24.51-b03 mixed mode linux-x86 )
Heap
 PSYoungGen      total 9472K, used 4703K [0xa8d80000, 0xaa000000, 0xb3500000)
  eden space 8192K, 41% used [0xa8d80000,0xa90da920,0xa9580000)
  from space 1280K, 99% used [0xa9ec0000,0xa9ffd358,0xaa000000)
  to   space 1280K, 0% used [0xa9580000,0xa9580000,0xa96c0000)
 ParOldGen       total 21248K, used 3749K [0x93f00000, 0x953c0000, 0xa8d80000)
  object space 21248K, 17% used [0x93f00000,0x942a95d0,0x953c0000)
 PSPermGen       total 16384K, used 12216K [0x8ff00000, 0x90f00000, 0x93f00000)
  object space 16384K, 74% used [0x8ff00000,0x90aee040,0x90f00000)
GC Heap History (4 events):
Event: 0,775 GC heap before
{Heap before GC invocations=1 (full 0):
 PSYoungGen      total 9472K, used 8192K [0xa8d80000, 0xa9800000, 0xb3500000)
  eden space 8192K, 100% used [0xa8d80000,0xa9580000,0xa9580000)
  from space 1280K, 0% used [0xa96c0000,0xa96c0000,0xa9800000)
  to   space 1280K, 0% used [0xa9580000,0xa9580000,0xa96c0000)
 ParOldGen       total 21248K, used 0K [0x93f00000, 0x953c0000, 0xa8d80000)
  object space 21248K, 0% used [0x93f00000,0x93f00000,0x953c0000)
 PSPermGen       total 16384K, used 8141K [0x8ff00000, 0x90f00000, 0x93f00000)
  object space 16384K, 49% used [0x8ff00000,0x906f3658,0x90f00000)
Event: 0,785 GC heap after
Heap after GC invocations=1 (full 0):
 PSYoungGen      total 9472K, used 1264K [0xa8d80000, 0xaa000000, 0xb3500000)
  eden space 8192K, 0% used [0xa8d80000,0xa8d80000,0xa9580000)
  from space 1280K, 98% used [0xa9580000,0xa96bc050,0xa96c0000)
  to   space 1280K, 0% used [0xa9ec0000,0xa9ec0000,0xaa000000)
 ParOldGen       total 21248K, used 1849K [0x93f00000, 0x953c0000, 0xa8d80000)
  object space 21248K, 8% used [0x93f00000,0x940ce718,0x953c0000)
 PSPermGen       total 16384K, used 8141K [0x8ff00000, 0x90f00000, 0x93f00000)
  object space 16384K, 49% used [0x8ff00000,0x906f3658,0x90f00000)
}
Event: 2,816 GC heap before
{Heap before GC invocations=2 (full 0):
 PSYoungGen      total 9472K, used 9456K [0xa8d80000, 0xaa000000, 0xb3500000)
  eden space 8192K, 100% used [0xa8d80000,0xa9580000,0xa9580000)
  from space 1280K, 98% used [0xa9580000,0xa96bc050,0xa96c0000)
  to   space 1280K, 0% used [0xa9ec0000,0xa9ec0000,0xaa000000)
 ParOldGen       total 21248K, used 1849K [0x93f00000, 0x953c0000, 0xa8d80000)
  object space 21248K, 8% used [0x93f00000,0x940ce718,0x953c0000)
 PSPermGen       total 16384K, used 11404K [0x8ff00000, 0x90f00000, 0x93f00000)
  object space 16384K, 69% used [0x8ff00000,0x90a230f8,0x90f00000)
Event: 2,823 GC heap after
Heap after GC invocations=2 (full 0):
 PSYoungGen      total 9472K, used 1268K [0xa8d80000, 0xaa000000, 0xb3500000)
  eden space 8192K, 0% used [0xa8d80000,0xa8d80000,0xa9580000)
  from space 1280K, 99% used [0xa9ec0000,0xa9ffd358,0xaa000000)
  to   space 1280K, 0% used [0xa9580000,0xa9580000,0xa96c0000)
 ParOldGen       total 21248K, used 3749K [0x93f00000, 0x953c0000, 0xa8d80000)
  object space 21248K, 17% used [0x93f00000,0x942a95d0,0x953c0000)
 PSPermGen       total 16384K, used 11404K [0x8ff00000, 0x90f00000, 0x93f00000)
  object space 16384K, 69% used [0x8ff00000,0x90a230f8,0x90f00000)
}

